<?xml version="1.0" encoding="UTF-8"?>
<!-- Generated by org.testng.reporters.JUnitReportReporter -->
<testsuite hostname="DESKTOP-C4LC40M" failures="0" tests="5" name="TestLayer.HomePageTest" time="4.264" errors="0" timestamp="2023-03-13T13:08:09 IST" skipped="0">
  <testcase classname="TestLayer.HomePageTest" name="validateHomePageTitle" time="0.050"/>
  <system-out/>
  <testcase classname="TestLayer.HomePageTest" name="validateHomePageUrl" time="0.041"/>
  <system-out/>
  <testcase classname="TestLayer.HomePageTest" name="validateHomePageLogo" time="1.980"/>
  <system-out/>
  <testcase classname="TestLayer.HomePageTest" name="validateContactLink" time="0.963"/>
  <system-out/>
  <testcase classname="TestLayer.HomePageTest" name="validateDealsLink" time="1.230"/>
  <system-out/>
</testsuite> <!-- TestLayer.HomePageTest -->
