<?xml version="1.0" encoding="UTF-8"?>
<!-- Generated by org.testng.reporters.JUnitReportReporter -->
<testsuite hostname="DESKTOP-C4LC40M" failures="0" tests="5" name="TestLayer.HomePageTest" time="4.287" errors="0" timestamp="2023-03-13T12:44:45 IST" skipped="0">
  <testcase classname="TestLayer.HomePageTest" name="validateHomePageTitle" time="0.034"/>
  <system-out/>
  <testcase classname="TestLayer.HomePageTest" name="validateHomePageUrl" time="0.020"/>
  <system-out/>
  <testcase classname="TestLayer.HomePageTest" name="validateHomePageLogo" time="2.204"/>
  <system-out/>
  <testcase classname="TestLayer.HomePageTest" name="validateContactLink" time="1.397"/>
  <system-out/>
  <testcase classname="TestLayer.HomePageTest" name="validateDealsLink" time="0.632"/>
  <system-out/>
</testsuite> <!-- TestLayer.HomePageTest -->
